<?xml version="1.0" encoding="UTF-8"?>
<testsuite name="commons.CardTest" tests="10" skipped="0" failures="0" errors="0" timestamp="2023-04-11T13:05:14" hostname="viktor-srk.local" time="0.038">
  <properties/>
  <testcase name="testForObjectMapper()" classname="commons.CardTest" time="0.0"/>
  <testcase name="testGetId()" classname="commons.CardTest" time="0.0"/>
  <testcase name="testSetId()" classname="commons.CardTest" time="0.001"/>
  <testcase name="testTitle()" classname="commons.CardTest" time="0.0"/>
  <testcase name="testEqualsHashCode()" classname="commons.CardTest" time="0.03"/>
  <testcase name="testGetList()" classname="commons.CardTest" time="0.0"/>
  <testcase name="hasToString()" classname="commons.CardTest" time="0.004"/>
  <testcase name="testSetList()" classname="commons.CardTest" time="0.0"/>
  <testcase name="testDescription()" classname="commons.CardTest" time="0.0"/>
  <testcase name="testNotEqualsHashCode()" classname="commons.CardTest" time="0.0"/>
  <system-out><![CDATA[]]></system-out>
  <system-err><![CDATA[]]></system-err>
</testsuite>
