<?xml version="1.0" encoding="UTF-8"?>
<testsuite name="commons.MateTest" tests="2" skipped="0" failures="0" errors="0" timestamp="2023-06-03T19:08:06" hostname="viktor-srk.local" time="0.522">
  <properties/>
  <testcase name="testGetter()" classname="commons.MateTest" time="0.52"/>
  <testcase name="testSetter()" classname="commons.MateTest" time="0.001"/>
  <system-out><![CDATA[]]></system-out>
  <system-err><![CDATA[]]></system-err>
</testsuite>
