<?xml version="1.0" encoding="UTF-8"?>
<testsuite name="commons.BoardTest" tests="13" skipped="0" failures="0" errors="0" timestamp="2023-04-11T13:05:14" hostname="viktor-srk.local" time="0.081">
  <properties/>
  <testcase name="hashEqualsTest()" classname="commons.BoardTest" time="0.03"/>
  <testcase name="testToString()" classname="commons.BoardTest" time="0.037"/>
  <testcase name="getListById()" classname="commons.BoardTest" time="0.0"/>
  <testcase name="notEqualsTest()" classname="commons.BoardTest" time="0.005"/>
  <testcase name="setNameTest()" classname="commons.BoardTest" time="0.0"/>
  <testcase name="getNameTest()" classname="commons.BoardTest" time="0.001"/>
  <testcase name="moveCard()" classname="commons.BoardTest" time="0.002"/>
  <testcase name="setIdTest()" classname="commons.BoardTest" time="0.0"/>
  <testcase name="equalsTest()" classname="commons.BoardTest" time="0.0"/>
  <testcase name="getIdTest()" classname="commons.BoardTest" time="0.001"/>
  <testcase name="findCardInListById()" classname="commons.BoardTest" time="0.0"/>
  <testcase name="getTaskListTest()" classname="commons.BoardTest" time="0.001"/>
  <testcase name="hashNotEqualsTest()" classname="commons.BoardTest" time="0.0"/>
  <system-out><![CDATA[]]></system-out>
  <system-err><![CDATA[]]></system-err>
</testsuite>
