<?xml version="1.0" encoding="UTF-8"?>
<testsuite name="commons.PersonTest" tests="5" skipped="0" failures="0" errors="0" timestamp="2023-04-11T13:05:14" hostname="viktor-srk.local" time="0.003">
  <properties/>
  <testcase name="testGetId()" classname="commons.PersonTest" time="0.001"/>
  <testcase name="notEqualsHashCode()" classname="commons.PersonTest" time="0.001"/>
  <testcase name="equalsHashCode()" classname="commons.PersonTest" time="0.0"/>
  <testcase name="hasToString()" classname="commons.PersonTest" time="0.0"/>
  <testcase name="checkConstructor()" classname="commons.PersonTest" time="0.0"/>
  <system-out><![CDATA[]]></system-out>
  <system-err><![CDATA[]]></system-err>
</testsuite>
