<?xml version="1.0" encoding="UTF-8"?>
<testsuite name="server.api.BoardControllerTest" tests="4" skipped="0" failures="0" errors="0" timestamp="2023-03-26T13:25:44" hostname="viktor-srk.local" time="0.03">
  <properties/>
  <testcase name="getByIdNotExistsTest()" classname="server.api.BoardControllerTest" time="0.027"/>
  <testcase name="getByIdTest()" classname="server.api.BoardControllerTest" time="0.001"/>
  <testcase name="getAllBoardsTest()" classname="server.api.BoardControllerTest" time="0.001"/>
  <testcase name="databaseIsUsed()" classname="server.api.BoardControllerTest" time="0.0"/>
  <system-out><![CDATA[]]></system-out>
  <system-err><![CDATA[]]></system-err>
</testsuite>
