<?xml version="1.0" encoding="UTF-8"?>
<testsuite name="server.api.ListControllerTest" tests="5" skipped="0" failures="0" errors="0" timestamp="2023-03-26T13:25:44" hostname="viktor-srk.local" time="0.003">
  <properties/>
  <testcase name="getAll()" classname="server.api.ListControllerTest" time="0.0"/>
  <testcase name="addList()" classname="server.api.ListControllerTest" time="0.001"/>
  <testcase name="getListById()" classname="server.api.ListControllerTest" time="0.0"/>
  <testcase name="replaceList()" classname="server.api.ListControllerTest" time="0.0"/>
  <testcase name="removeList()" classname="server.api.ListControllerTest" time="0.001"/>
  <system-out><![CDATA[]]></system-out>
  <system-err><![CDATA[]]></system-err>
</testsuite>
