<?xml version="1.0" encoding="UTF-8"?>
<testsuite name="client.scenes.MainCtrlTest" tests="1" skipped="0" failures="0" errors="0" timestamp="2023-04-11T13:05:01" hostname="viktor-srk.local" time="0.013">
  <properties/>
  <testcase name="writeSomeTests()" classname="client.scenes.MainCtrlTest" time="0.013"/>
  <system-out><![CDATA[]]></system-out>
  <system-err><![CDATA[]]></system-err>
</testsuite>
