<?xml version="1.0" encoding="UTF-8"?>
<testsuite name="client.utils.ServerUtilsTest" tests="2" skipped="0" failures="0" errors="0" timestamp="2023-04-11T13:05:01" hostname="viktor-srk.local" time="0.013">
  <properties/>
  <testcase name="setServerTest()" classname="client.utils.ServerUtilsTest" time="0.01"/>
  <testcase name="sendWebsocketMessageTest()" classname="client.utils.ServerUtilsTest" time="0.002"/>
  <system-out><![CDATA[]]></system-out>
  <system-err><![CDATA[]]></system-err>
</testsuite>
